2023-04-16T23:15:43.315+08:00  INFO 2150 --- [main] s.l.DemoSpringbootLogingApplicationTests : Starting DemoSpringbootLogingApplicationTests using Java 17.0.6 with PID 2150 (started by marcocyclops in /Users/marcocyclops/coding/java/demo-springboot-loging)
2023-04-16T23:15:43.316+08:00 DEBUG 2150 --- [main] s.l.DemoSpringbootLogingApplicationTests : Running with Spring Boot v3.0.5, Spring v6.0.7
2023-04-16T23:15:43.316+08:00  INFO 2150 --- [main] s.l.DemoSpringbootLogingApplicationTests : No active profile set, falling back to 1 default profile: "default"
2023-04-16T23:15:43.797+08:00  INFO 2150 --- [main] s.l.DemoSpringbootLogingApplicationTests : Started DemoSpringbootLogingApplicationTests in 0.632 seconds (process running for 1.141)
2023-04-16T23:15:43.980+08:00 TRACE 2150 --- [main] s.l.DemoSpringbootLogingApplicationTests : tracing...
2023-04-16T23:15:43.980+08:00 DEBUG 2150 --- [main] s.l.DemoSpringbootLogingApplicationTests : debugging...
2023-04-16T23:15:43.981+08:00  INFO 2150 --- [main] s.l.DemoSpringbootLogingApplicationTests : infoing...
2023-04-16T23:15:43.981+08:00  WARN 2150 --- [main] s.l.DemoSpringbootLogingApplicationTests : warning...
2023-04-16T23:15:43.981+08:00 ERROR 2150 --- [main] s.l.DemoSpringbootLogingApplicationTests : erroring...
2023-04-16T23:23:08.667+08:00  INFO 2183 --- [main] s.l.DemoSpringbootLogingApplicationTests : Starting DemoSpringbootLogingApplicationTests using Java 17.0.6 with PID 2183 (started by marcocyclops in /Users/marcocyclops/coding/java/demo-springboot-loging)
2023-04-16T23:23:08.667+08:00 DEBUG 2183 --- [main] s.l.DemoSpringbootLogingApplicationTests : Running with Spring Boot v3.0.5, Spring v6.0.7
2023-04-16T23:23:08.668+08:00  INFO 2183 --- [main] s.l.DemoSpringbootLogingApplicationTests : No active profile set, falling back to 1 default profile: "default"
2023-04-16T23:23:09.138+08:00  INFO 2183 --- [main] s.l.DemoSpringbootLogingApplicationTests : Started DemoSpringbootLogingApplicationTests in 0.621 seconds (process running for 1.087)
2023-04-16T23:23:09.309+08:00 TRACE 2183 --- [main] s.l.DemoSpringbootLogingApplicationTests : tracing...
2023-04-16T23:23:09.310+08:00 DEBUG 2183 --- [main] s.l.DemoSpringbootLogingApplicationTests : debugging...
2023-04-16T23:23:09.310+08:00  INFO 2183 --- [main] s.l.DemoSpringbootLogingApplicationTests : infoing...
2023-04-16T23:23:09.310+08:00  WARN 2183 --- [main] s.l.DemoSpringbootLogingApplicationTests : warning...
2023-04-16T23:23:09.310+08:00 ERROR 2183 --- [main] s.l.DemoSpringbootLogingApplicationTests : erroring...
2023-04-16 23:26:49.777 === [main] === INFO  === c.m.s.loging.DemoSpringbootLogingApplicationTests === Starting DemoSpringbootLogingApplicationTests using Java 17.0.6 with PID 2196 (started by marcocyclops in /Users/marcocyclops/coding/java/demo-springboot-loging)
2023-04-16 23:26:49.778 === [main] === DEBUG === c.m.s.loging.DemoSpringbootLogingApplicationTests === Running with Spring Boot v3.0.5, Spring v6.0.7
2023-04-16 23:26:49.778 === [main] === INFO  === c.m.s.loging.DemoSpringbootLogingApplicationTests === No active profile set, falling back to 1 default profile: "default"
2023-04-16 23:26:50.246 === [main] === INFO  === c.m.s.loging.DemoSpringbootLogingApplicationTests === Started DemoSpringbootLogingApplicationTests in 0.594 seconds (process running for 1.019)
2023-04-16 23:26:50.411 === [main] === TRACE === c.m.s.loging.DemoSpringbootLogingApplicationTests === tracing...
2023-04-16 23:26:50.411 === [main] === DEBUG === c.m.s.loging.DemoSpringbootLogingApplicationTests === debugging...
2023-04-16 23:26:50.411 === [main] === INFO  === c.m.s.loging.DemoSpringbootLogingApplicationTests === infoing...
2023-04-16 23:26:50.411 === [main] === WARN  === c.m.s.loging.DemoSpringbootLogingApplicationTests === warning...
2023-04-16 23:26:50.412 === [main] === ERROR === c.m.s.loging.DemoSpringbootLogingApplicationTests === erroring...
